* Verifying dashboard health ...
* Launching proxy ...
* Verifying proxy health ...
* Opening http://127.0.0.1:39735/api/v1/namespaces/kubernetes-dashboard/services/http:kubernetes-dashboard:/proxy/ in your default browser...
ATTENTION: default value of option mesa_glthread overridden by environment.
ATTENTION: default value of option mesa_glthread overridden by environment.
ATTENTION: default value of option mesa_glthread overridden by environment.
ATTENTION: default value of option mesa_glthread overridden by environment.
[Parent 2115140, Main Thread] WARNING: Failed to call GetIdletime(): GDBus.Error:org.freedesktop.DBus.Error.ServiceUnknown: The name org.gnome.Mutter.IdleMonitor was not provided by any .service files
: 'glib warning', file /build/firefox-120.0/toolkit/xre/nsSigHandlers.cpp:187

** (firefox:2115140): WARNING **: 01:06:05.075: Failed to call GetIdletime(): GDBus.Error:org.freedesktop.DBus.Error.ServiceUnknown: The name org.gnome.Mutter.IdleMonitor was not provided by any .service files

Exiting due to channel error.
Exiting due to channel error.
Exiting due to channel error.
Exiting due to channel error.
Exiting due to channel error.
Exiting due to channel error.
* Verifying dashboard health ...
* Launching proxy ...
* Verifying proxy health ...
* Opening http://127.0.0.1:45927/api/v1/namespaces/kubernetes-dashboard/services/http:kubernetes-dashboard:/proxy/ in your default browser...
ATTENTION: default value of option mesa_glthread overridden by environment.
ATTENTION: default value of option mesa_glthread overridden by environment.
ATTENTION: default value of option mesa_glthread overridden by environment.
ATTENTION: default value of option mesa_glthread overridden by environment.
[Parent 2116306, Main Thread] WARNING: Failed to call GetIdletime(): GDBus.Error:org.freedesktop.DBus.Error.ServiceUnknown: The name org.gnome.Mutter.IdleMonitor was not provided by any .service files
: 'glib warning', file /build/firefox-120.0/toolkit/xre/nsSigHandlers.cpp:187

** (firefox:2116306): WARNING **: 01:06:22.764: Failed to call GetIdletime(): GDBus.Error:org.freedesktop.DBus.Error.ServiceUnknown: The name org.gnome.Mutter.IdleMonitor was not provided by any .service files

* Verifying dashboard health ...
* Launching proxy ...
* Verifying proxy health ...
* Opening http://127.0.0.1:42875/api/v1/namespaces/kubernetes-dashboard/services/http:kubernetes-dashboard:/proxy/ in your default browser...
ATTENTION: default value of option mesa_glthread overridden by environment.
ATTENTION: default value of option mesa_glthread overridden by environment.
ATTENTION: default value of option mesa_glthread overridden by environment.
ATTENTION: default value of option mesa_glthread overridden by environment.
[Parent 2204052, Main Thread] WARNING: Failed to call GetIdletime(): GDBus.Error:org.freedesktop.DBus.Error.ServiceUnknown: The name org.gnome.Mutter.IdleMonitor was not provided by any .service files
: 'glib warning', file /build/firefox-120.0/toolkit/xre/nsSigHandlers.cpp:187

** (firefox:2204052): WARNING **: 01:39:15.495: Failed to call GetIdletime(): GDBus.Error:org.freedesktop.DBus.Error.ServiceUnknown: The name org.gnome.Mutter.IdleMonitor was not provided by any .service files

